<?xml version="1.0" encoding="UTF-8"?>
<testsuites name="jest tests" tests="5" failures="0" errors="0" time="2.093">
  <testsuite name="Checking if JavaVersion Instance works fine" errors="0" failures="0" skipped="0" timestamp="2022-12-05T12:04:41" time="1.978" tests="5">
    <testcase classname="Checking if JavaVersion Instance works fine JavaVersion.getInstance returns JavaVersion" name="Checking if JavaVersion Instance works fine JavaVersion.getInstance returns JavaVersion" time="0.001">
    </testcase>
    <testcase classname="Checking if JavaVersion Instance works fine checks if listPlatforms returns Array" name="Checking if JavaVersion Instance works fine checks if listPlatforms returns Array" time="0.017">
    </testcase>
    <testcase classname="Checking if JavaVersion Instance works fine check if method listArchs works" name="Checking if JavaVersion Instance works fine check if method listArchs works" time="0.001">
    </testcase>
    <testcase classname="Checking if JavaVersion Instance works fine check if method listPlatformArchs works" name="Checking if JavaVersion Instance works fine check if method listPlatformArchs works" time="0.001">
    </testcase>
    <testcase classname="Checking if JavaVersion Instance works fine check if method platform works" name="Checking if JavaVersion Instance works fine check if method platform works" time="0">
    </testcase>
  </testsuite>
</testsuites>